<?xml version="1.0" encoding="UTF-8"?>
<!-- Generated by org.testng.reporters.JUnitXMLReporter -->
<testsuite hostname="DESKTOP-09QGL8M" ignored="0" name="PET" tests="67" failures="50" timestamp="17 Dec 2020 06:31:51 GMT" time="105.05" errors="0">
  <testcase name="TC_01" time="5.823" classname="com.steerlean.scenarios.pet.PetPOST"/>
  <testcase name="TC_02" time="1.896" classname="com.steerlean.scenarios.pet.PetPOST"/>
  <testcase name="TC_03" time="1.428" classname="com.steerlean.scenarios.pet.PetPOST"/>
  <testcase name="TC_04" time="1.477" classname="com.steerlean.scenarios.pet.PetPOST"/>
  <testcase name="TC_05" time="8.632" classname="com.steerlean.scenarios.pet.PetPOST">
    <failure type="java.lang.AssertionError" message="null">
      <![CDATA[java.lang.AssertionError: null
at com.steerlean.scenarios.pet.PetPOST.Error(PetPOST.java:450)
at com.steerlean.scenarios.pet.PetPOST.TC_05(PetPOST.java:98)
... Removed 26 stack frames]]>
    </failure>
  </testcase> <!-- TC_05 -->
  <testcase name="TC_06" time="2.139" classname="com.steerlean.scenarios.pet.PetPOST"/>
  <testcase name="TC_07" time="2.169" classname="com.steerlean.scenarios.pet.PetPOST"/>
  <testcase name="TC_08" time="2.047" classname="com.steerlean.scenarios.pet.PetPOST">
    <failure type="java.lang.AssertionError" message="null">
      <![CDATA[java.lang.AssertionError: null
at com.steerlean.scenarios.pet.PetPOST.Error(PetPOST.java:450)
at com.steerlean.scenarios.pet.PetPOST.TC_08(PetPOST.java:133)
... Removed 26 stack frames]]>
    </failure>
  </testcase> <!-- TC_08 -->
  <testcase name="TC_09" time="2.053" classname="com.steerlean.scenarios.pet.PetPOST">
    <failure type="java.lang.AssertionError" message="null">
      <![CDATA[java.lang.AssertionError: null
at com.steerlean.scenarios.pet.PetPOST.Error(PetPOST.java:450)
at com.steerlean.scenarios.pet.PetPOST.TC_09(PetPOST.java:147)
... Removed 26 stack frames]]>
    </failure>
  </testcase> <!-- TC_09 -->
  <testcase name="TC_10" time="2.075" classname="com.steerlean.scenarios.pet.PetPOST">
    <failure type="java.lang.AssertionError" message="null">
      <![CDATA[java.lang.AssertionError: null
at com.steerlean.scenarios.pet.PetPOST.Error(PetPOST.java:450)
at com.steerlean.scenarios.pet.PetPOST.TC_10(PetPOST.java:160)
... Removed 26 stack frames]]>
    </failure>
  </testcase> <!-- TC_10 -->
  <testcase name="TC_11" time="2.128" classname="com.steerlean.scenarios.pet.PetPOST">
    <failure type="java.lang.AssertionError" message="null">
      <![CDATA[java.lang.AssertionError: null
at com.steerlean.scenarios.pet.PetPOST.Error(PetPOST.java:450)
at com.steerlean.scenarios.pet.PetPOST.TC_11(PetPOST.java:172)
... Removed 26 stack frames]]>
    </failure>
  </testcase> <!-- TC_11 -->
  <testcase name="TC_12" time="2.085" classname="com.steerlean.scenarios.pet.PetPOST">
    <failure type="java.lang.AssertionError" message="null">
      <![CDATA[java.lang.AssertionError: null
at com.steerlean.scenarios.pet.PetPOST.Error(PetPOST.java:450)
at com.steerlean.scenarios.pet.PetPOST.TC_12(PetPOST.java:183)
... Removed 26 stack frames]]>
    </failure>
  </testcase> <!-- TC_12 -->
  <testcase name="TC_13" time="2.288" classname="com.steerlean.scenarios.pet.PetPOST">
    <failure type="java.lang.AssertionError" message="null">
      <![CDATA[java.lang.AssertionError: null
at com.steerlean.scenarios.pet.PetPOST.Error(PetPOST.java:450)
at com.steerlean.scenarios.pet.PetPOST.TC_13(PetPOST.java:195)
... Removed 26 stack frames]]>
    </failure>
  </testcase> <!-- TC_13 -->
  <testcase name="TC_14" time="2.211" classname="com.steerlean.scenarios.pet.PetPOST">
    <failure type="java.lang.AssertionError" message="null">
      <![CDATA[java.lang.AssertionError: null
at com.steerlean.scenarios.pet.PetPOST.Error(PetPOST.java:450)
at com.steerlean.scenarios.pet.PetPOST.TC_14(PetPOST.java:206)
... Removed 26 stack frames]]>
    </failure>
  </testcase> <!-- TC_14 -->
  <testcase name="TC_15" time="2.242" classname="com.steerlean.scenarios.pet.PetPOST">
    <failure type="java.lang.AssertionError" message="null">
      <![CDATA[java.lang.AssertionError: null
at com.steerlean.scenarios.pet.PetPOST.Error(PetPOST.java:450)
at com.steerlean.scenarios.pet.PetPOST.TC_15(PetPOST.java:217)
... Removed 26 stack frames]]>
    </failure>
  </testcase> <!-- TC_15 -->
  <testcase name="TC_16" time="2.327" classname="com.steerlean.scenarios.pet.PetPOST">
    <failure type="java.lang.AssertionError" message="null">
      <![CDATA[java.lang.AssertionError: null
at com.steerlean.scenarios.pet.PetPOST.Error(PetPOST.java:450)
at com.steerlean.scenarios.pet.PetPOST.TC_16(PetPOST.java:228)
... Removed 26 stack frames]]>
    </failure>
  </testcase> <!-- TC_16 -->
  <testcase name="TC_17" time="2.308" classname="com.steerlean.scenarios.pet.PetPOST"/>
  <testcase name="TC_18" time="2.389" classname="com.steerlean.scenarios.pet.PetPOST"/>
  <testcase name="TC_19" time="2.094" classname="com.steerlean.scenarios.pet.PetPOST"/>
  <testcase name="TC_20" time="1.951" classname="com.steerlean.scenarios.pet.PetPOST"/>
  <testcase name="TC_21" time="2.049" classname="com.steerlean.scenarios.pet.PetPOST">
    <failure type="java.lang.AssertionError" message="null">
      <![CDATA[java.lang.AssertionError: null
at com.steerlean.scenarios.pet.PetPOST.Error(PetPOST.java:450)
at com.steerlean.scenarios.pet.PetPOST.TC_21(PetPOST.java:285)
... Removed 26 stack frames]]>
    </failure>
  </testcase> <!-- TC_21 -->
  <testcase name="TC_22" time="2.481" classname="com.steerlean.scenarios.pet.PetPOST">
    <failure type="java.lang.AssertionError" message="null">
      <![CDATA[java.lang.AssertionError: null
at com.steerlean.scenarios.pet.PetPOST.Error(PetPOST.java:450)
at com.steerlean.scenarios.pet.PetPOST.TC_22(PetPOST.java:296)
... Removed 26 stack frames]]>
    </failure>
  </testcase> <!-- TC_22 -->
  <testcase name="TC_23" time="2.252" classname="com.steerlean.scenarios.pet.PetPOST">
    <failure type="java.lang.AssertionError" message="null">
      <![CDATA[java.lang.AssertionError: null
at com.steerlean.scenarios.pet.PetPOST.Error(PetPOST.java:450)
at com.steerlean.scenarios.pet.PetPOST.TC_23(PetPOST.java:308)
... Removed 26 stack frames]]>
    </failure>
  </testcase> <!-- TC_23 -->
  <testcase name="TC_24" time="2.276" classname="com.steerlean.scenarios.pet.PetPOST">
    <failure type="java.lang.AssertionError" message="null">
      <![CDATA[java.lang.AssertionError: null
at com.steerlean.scenarios.pet.PetPOST.Error(PetPOST.java:450)
at com.steerlean.scenarios.pet.PetPOST.TC_24(PetPOST.java:321)
... Removed 26 stack frames]]>
    </failure>
  </testcase> <!-- TC_24 -->
  <testcase name="TC_25" time="2.196" classname="com.steerlean.scenarios.pet.PetPOST">
    <failure type="java.lang.AssertionError" message="null">
      <![CDATA[java.lang.AssertionError: null
at com.steerlean.scenarios.pet.PetPOST.Error(PetPOST.java:450)
at com.steerlean.scenarios.pet.PetPOST.TC_25(PetPOST.java:333)
... Removed 26 stack frames]]>
    </failure>
  </testcase> <!-- TC_25 -->
  <testcase name="TC_26" time="2.305" classname="com.steerlean.scenarios.pet.PetPOST">
    <failure type="java.lang.AssertionError" message="null">
      <![CDATA[java.lang.AssertionError: null
at com.steerlean.scenarios.pet.PetPOST.Error(PetPOST.java:450)
at com.steerlean.scenarios.pet.PetPOST.TC_26(PetPOST.java:345)
... Removed 26 stack frames]]>
    </failure>
  </testcase> <!-- TC_26 -->
  <testcase name="TC_27" time="4.038" classname="com.steerlean.scenarios.pet.PetPOST">
    <failure type="java.lang.AssertionError" message="null">
      <![CDATA[java.lang.AssertionError: null
at com.steerlean.scenarios.pet.PetPOST.Error(PetPOST.java:450)
at com.steerlean.scenarios.pet.PetPOST.TC_27(PetPOST.java:355)
... Removed 26 stack frames]]>
    </failure>
  </testcase> <!-- TC_27 -->
  <testcase name="TC_01" time="0.002" classname="com.steerlean.scenarios.pet.PetPUT">
    <failure type="java.io.FileNotFoundException" message=".\src\test\java\resources\endpoints.properties (The system cannot find the path specified)">
      <![CDATA[java.io.FileNotFoundException: .\src\test\java\resources\endpoints.properties (The system cannot find the path specified)
at java.io.FileInputStream.open0(Native Method)
at java.io.FileInputStream.open(Unknown Source)
at java.io.FileInputStream.<init>(Unknown Source)
at com.steerlean.scenarios.pet.PetPUT.success(PetPUT.java:377)
at com.steerlean.scenarios.pet.PetPUT.TC_01(PetPUT.java:48)
... Removed 25 stack frames]]>
    </failure>
  </testcase> <!-- TC_01 -->
  <testcase name="TC_02" time="0.003" classname="com.steerlean.scenarios.pet.PetPUT">
    <failure type="java.io.FileNotFoundException" message=".\src\test\java\resources\endpoints.properties (The system cannot find the path specified)">
      <![CDATA[java.io.FileNotFoundException: .\src\test\java\resources\endpoints.properties (The system cannot find the path specified)
at java.io.FileInputStream.open0(Native Method)
at java.io.FileInputStream.open(Unknown Source)
at java.io.FileInputStream.<init>(Unknown Source)
at com.steerlean.scenarios.pet.PetPUT.Error(PetPUT.java:422)
at com.steerlean.scenarios.pet.PetPUT.TC_02(PetPUT.java:61)
... Removed 25 stack frames]]>
    </failure>
  </testcase> <!-- TC_02 -->
  <testcase name="TC_03" time="0.002" classname="com.steerlean.scenarios.pet.PetPUT">
    <failure type="java.io.FileNotFoundException" message=".\src\test\java\resources\endpoints.properties (The system cannot find the path specified)">
      <![CDATA[java.io.FileNotFoundException: .\src\test\java\resources\endpoints.properties (The system cannot find the path specified)
at java.io.FileInputStream.open0(Native Method)
at java.io.FileInputStream.open(Unknown Source)
at java.io.FileInputStream.<init>(Unknown Source)
at com.steerlean.scenarios.pet.PetPUT.Error(PetPUT.java:422)
at com.steerlean.scenarios.pet.PetPUT.TC_03(PetPUT.java:73)
... Removed 25 stack frames]]>
    </failure>
  </testcase> <!-- TC_03 -->
  <testcase name="TC_04" time="0.002" classname="com.steerlean.scenarios.pet.PetPUT">
    <failure type="java.io.FileNotFoundException" message=".\src\test\java\resources\endpoints.properties (The system cannot find the path specified)">
      <![CDATA[java.io.FileNotFoundException: .\src\test\java\resources\endpoints.properties (The system cannot find the path specified)
at java.io.FileInputStream.open0(Native Method)
at java.io.FileInputStream.open(Unknown Source)
at java.io.FileInputStream.<init>(Unknown Source)
at com.steerlean.scenarios.pet.PetPUT.Error(PetPUT.java:422)
at com.steerlean.scenarios.pet.PetPUT.TC_04(PetPUT.java:85)
... Removed 25 stack frames]]>
    </failure>
  </testcase> <!-- TC_04 -->
  <testcase name="TC_05" time="0.003" classname="com.steerlean.scenarios.pet.PetPUT">
    <failure type="java.io.FileNotFoundException" message=".\src\test\java\resources\endpoints.properties (The system cannot find the path specified)">
      <![CDATA[java.io.FileNotFoundException: .\src\test\java\resources\endpoints.properties (The system cannot find the path specified)
at java.io.FileInputStream.open0(Native Method)
at java.io.FileInputStream.open(Unknown Source)
at java.io.FileInputStream.<init>(Unknown Source)
at com.steerlean.scenarios.pet.PetPUT.Error(PetPUT.java:422)
at com.steerlean.scenarios.pet.PetPUT.TC_05(PetPUT.java:97)
... Removed 25 stack frames]]>
    </failure>
  </testcase> <!-- TC_05 -->
  <testcase name="TC_06" time="0.004" classname="com.steerlean.scenarios.pet.PetPUT">
    <failure type="java.io.FileNotFoundException" message=".\src\test\java\resources\endpoints.properties (The system cannot find the path specified)">
      <![CDATA[java.io.FileNotFoundException: .\src\test\java\resources\endpoints.properties (The system cannot find the path specified)
at java.io.FileInputStream.open0(Native Method)
at java.io.FileInputStream.open(Unknown Source)
at java.io.FileInputStream.<init>(Unknown Source)
at com.steerlean.scenarios.pet.PetPUT.Error(PetPUT.java:422)
at com.steerlean.scenarios.pet.PetPUT.TC_06(PetPUT.java:109)
... Removed 25 stack frames]]>
    </failure>
  </testcase> <!-- TC_06 -->
  <testcase name="TC_07" time="0.001" classname="com.steerlean.scenarios.pet.PetPUT">
    <failure type="java.io.FileNotFoundException" message=".\src\test\java\resources\endpoints.properties (The system cannot find the path specified)">
      <![CDATA[java.io.FileNotFoundException: .\src\test\java\resources\endpoints.properties (The system cannot find the path specified)
at java.io.FileInputStream.open0(Native Method)
at java.io.FileInputStream.open(Unknown Source)
at java.io.FileInputStream.<init>(Unknown Source)
at com.steerlean.scenarios.pet.PetPUT.Error(PetPUT.java:422)
at com.steerlean.scenarios.pet.PetPUT.TC_07(PetPUT.java:120)
... Removed 25 stack frames]]>
    </failure>
  </testcase> <!-- TC_07 -->
  <testcase name="TC_08" time="0.002" classname="com.steerlean.scenarios.pet.PetPUT">
    <failure type="java.io.FileNotFoundException" message=".\src\test\java\resources\endpoints.properties (The system cannot find the path specified)">
      <![CDATA[java.io.FileNotFoundException: .\src\test\java\resources\endpoints.properties (The system cannot find the path specified)
at java.io.FileInputStream.open0(Native Method)
at java.io.FileInputStream.open(Unknown Source)
at java.io.FileInputStream.<init>(Unknown Source)
at com.steerlean.scenarios.pet.PetPUT.Error(PetPUT.java:422)
at com.steerlean.scenarios.pet.PetPUT.TC_08(PetPUT.java:132)
... Removed 25 stack frames]]>
    </failure>
  </testcase> <!-- TC_08 -->
  <testcase name="TC_09" time="0.002" classname="com.steerlean.scenarios.pet.PetPUT">
    <failure type="java.io.FileNotFoundException" message=".\src\test\java\resources\endpoints.properties (The system cannot find the path specified)">
      <![CDATA[java.io.FileNotFoundException: .\src\test\java\resources\endpoints.properties (The system cannot find the path specified)
at java.io.FileInputStream.open0(Native Method)
at java.io.FileInputStream.open(Unknown Source)
at java.io.FileInputStream.<init>(Unknown Source)
at com.steerlean.scenarios.pet.PetPUT.Error(PetPUT.java:422)
at com.steerlean.scenarios.pet.PetPUT.TC_09(PetPUT.java:146)
... Removed 25 stack frames]]>
    </failure>
  </testcase> <!-- TC_09 -->
  <testcase name="TC_10" time="0.002" classname="com.steerlean.scenarios.pet.PetPUT">
    <failure type="java.io.FileNotFoundException" message=".\src\test\java\resources\endpoints.properties (The system cannot find the path specified)">
      <![CDATA[java.io.FileNotFoundException: .\src\test\java\resources\endpoints.properties (The system cannot find the path specified)
at java.io.FileInputStream.open0(Native Method)
at java.io.FileInputStream.open(Unknown Source)
at java.io.FileInputStream.<init>(Unknown Source)
at com.steerlean.scenarios.pet.PetPUT.Error(PetPUT.java:422)
at com.steerlean.scenarios.pet.PetPUT.TC_10(PetPUT.java:159)
... Removed 25 stack frames]]>
    </failure>
  </testcase> <!-- TC_10 -->
  <testcase name="TC_11" time="0.001" classname="com.steerlean.scenarios.pet.PetPUT">
    <failure type="java.io.FileNotFoundException" message=".\src\test\java\resources\endpoints.properties (The system cannot find the path specified)">
      <![CDATA[java.io.FileNotFoundException: .\src\test\java\resources\endpoints.properties (The system cannot find the path specified)
at java.io.FileInputStream.open0(Native Method)
at java.io.FileInputStream.open(Unknown Source)
at java.io.FileInputStream.<init>(Unknown Source)
at com.steerlean.scenarios.pet.PetPUT.Error(PetPUT.java:422)
at com.steerlean.scenarios.pet.PetPUT.TC_11(PetPUT.java:171)
... Removed 25 stack frames]]>
    </failure>
  </testcase> <!-- TC_11 -->
  <testcase name="TC_12" time="0.002" classname="com.steerlean.scenarios.pet.PetPUT">
    <failure type="java.io.FileNotFoundException" message=".\src\test\java\resources\endpoints.properties (The system cannot find the path specified)">
      <![CDATA[java.io.FileNotFoundException: .\src\test\java\resources\endpoints.properties (The system cannot find the path specified)
at java.io.FileInputStream.open0(Native Method)
at java.io.FileInputStream.open(Unknown Source)
at java.io.FileInputStream.<init>(Unknown Source)
at com.steerlean.scenarios.pet.PetPUT.Error(PetPUT.java:422)
at com.steerlean.scenarios.pet.PetPUT.TC_12(PetPUT.java:182)
... Removed 25 stack frames]]>
    </failure>
  </testcase> <!-- TC_12 -->
  <testcase name="TC_13" time="0.002" classname="com.steerlean.scenarios.pet.PetPUT">
    <failure type="java.io.FileNotFoundException" message=".\src\test\java\resources\endpoints.properties (The system cannot find the path specified)">
      <![CDATA[java.io.FileNotFoundException: .\src\test\java\resources\endpoints.properties (The system cannot find the path specified)
at java.io.FileInputStream.open0(Native Method)
at java.io.FileInputStream.open(Unknown Source)
at java.io.FileInputStream.<init>(Unknown Source)
at com.steerlean.scenarios.pet.PetPUT.Error(PetPUT.java:422)
at com.steerlean.scenarios.pet.PetPUT.TC_13(PetPUT.java:194)
... Removed 25 stack frames]]>
    </failure>
  </testcase> <!-- TC_13 -->
  <testcase name="TC_14" time="0.002" classname="com.steerlean.scenarios.pet.PetPUT">
    <failure type="java.io.FileNotFoundException" message=".\src\test\java\resources\endpoints.properties (The system cannot find the path specified)">
      <![CDATA[java.io.FileNotFoundException: .\src\test\java\resources\endpoints.properties (The system cannot find the path specified)
at java.io.FileInputStream.open0(Native Method)
at java.io.FileInputStream.open(Unknown Source)
at java.io.FileInputStream.<init>(Unknown Source)
at com.steerlean.scenarios.pet.PetPUT.Error(PetPUT.java:422)
at com.steerlean.scenarios.pet.PetPUT.TC_14(PetPUT.java:205)
... Removed 25 stack frames]]>
    </failure>
  </testcase> <!-- TC_14 -->
  <testcase name="TC_15" time="0.002" classname="com.steerlean.scenarios.pet.PetPUT">
    <failure type="java.io.FileNotFoundException" message=".\src\test\java\resources\endpoints.properties (The system cannot find the path specified)">
      <![CDATA[java.io.FileNotFoundException: .\src\test\java\resources\endpoints.properties (The system cannot find the path specified)
at java.io.FileInputStream.open0(Native Method)
at java.io.FileInputStream.open(Unknown Source)
at java.io.FileInputStream.<init>(Unknown Source)
at com.steerlean.scenarios.pet.PetPUT.Error(PetPUT.java:422)
at com.steerlean.scenarios.pet.PetPUT.TC_15(PetPUT.java:216)
... Removed 25 stack frames]]>
    </failure>
  </testcase> <!-- TC_15 -->
  <testcase name="TC_16" time="0.001" classname="com.steerlean.scenarios.pet.PetPUT">
    <failure type="java.io.FileNotFoundException" message=".\src\test\java\resources\endpoints.properties (The system cannot find the path specified)">
      <![CDATA[java.io.FileNotFoundException: .\src\test\java\resources\endpoints.properties (The system cannot find the path specified)
at java.io.FileInputStream.open0(Native Method)
at java.io.FileInputStream.open(Unknown Source)
at java.io.FileInputStream.<init>(Unknown Source)
at com.steerlean.scenarios.pet.PetPUT.Error(PetPUT.java:422)
at com.steerlean.scenarios.pet.PetPUT.TC_16(PetPUT.java:227)
... Removed 25 stack frames]]>
    </failure>
  </testcase> <!-- TC_16 -->
  <testcase name="TC_17" time="0.002" classname="com.steerlean.scenarios.pet.PetPUT">
    <failure type="java.io.FileNotFoundException" message=".\src\test\java\resources\endpoints.properties (The system cannot find the path specified)">
      <![CDATA[java.io.FileNotFoundException: .\src\test\java\resources\endpoints.properties (The system cannot find the path specified)
at java.io.FileInputStream.open0(Native Method)
at java.io.FileInputStream.open(Unknown Source)
at java.io.FileInputStream.<init>(Unknown Source)
at com.steerlean.scenarios.pet.PetPUT.Error(PetPUT.java:422)
at com.steerlean.scenarios.pet.PetPUT.TC_17(PetPUT.java:239)
... Removed 25 stack frames]]>
    </failure>
  </testcase> <!-- TC_17 -->
  <testcase name="TC_18" time="0.005" classname="com.steerlean.scenarios.pet.PetPUT">
    <failure type="java.io.FileNotFoundException" message=".\src\test\java\resources\endpoints.properties (The system cannot find the path specified)">
      <![CDATA[java.io.FileNotFoundException: .\src\test\java\resources\endpoints.properties (The system cannot find the path specified)
at java.io.FileInputStream.open0(Native Method)
at java.io.FileInputStream.open(Unknown Source)
at java.io.FileInputStream.<init>(Unknown Source)
at com.steerlean.scenarios.pet.PetPUT.Error(PetPUT.java:422)
at com.steerlean.scenarios.pet.PetPUT.TC_18(PetPUT.java:251)
... Removed 25 stack frames]]>
    </failure>
  </testcase> <!-- TC_18 -->
  <testcase name="TC_19" time="0.001" classname="com.steerlean.scenarios.pet.PetPUT">
    <failure type="java.io.FileNotFoundException" message=".\src\test\java\resources\endpoints.properties (The system cannot find the path specified)">
      <![CDATA[java.io.FileNotFoundException: .\src\test\java\resources\endpoints.properties (The system cannot find the path specified)
at java.io.FileInputStream.open0(Native Method)
at java.io.FileInputStream.open(Unknown Source)
at java.io.FileInputStream.<init>(Unknown Source)
at com.steerlean.scenarios.pet.PetPUT.Error(PetPUT.java:422)
at com.steerlean.scenarios.pet.PetPUT.TC_19(PetPUT.java:262)
... Removed 25 stack frames]]>
    </failure>
  </testcase> <!-- TC_19 -->
  <testcase name="TC_20" time="0.001" classname="com.steerlean.scenarios.pet.PetPUT">
    <failure type="java.io.FileNotFoundException" message=".\src\test\java\resources\endpoints.properties (The system cannot find the path specified)">
      <![CDATA[java.io.FileNotFoundException: .\src\test\java\resources\endpoints.properties (The system cannot find the path specified)
at java.io.FileInputStream.open0(Native Method)
at java.io.FileInputStream.open(Unknown Source)
at java.io.FileInputStream.<init>(Unknown Source)
at com.steerlean.scenarios.pet.PetPUT.Error(PetPUT.java:422)
at com.steerlean.scenarios.pet.PetPUT.TC_20(PetPUT.java:273)
... Removed 25 stack frames]]>
    </failure>
  </testcase> <!-- TC_20 -->
  <testcase name="TC_21" time="0.005" classname="com.steerlean.scenarios.pet.PetPUT">
    <failure type="java.io.FileNotFoundException" message=".\src\test\java\resources\endpoints.properties (The system cannot find the path specified)">
      <![CDATA[java.io.FileNotFoundException: .\src\test\java\resources\endpoints.properties (The system cannot find the path specified)
at java.io.FileInputStream.open0(Native Method)
at java.io.FileInputStream.open(Unknown Source)
at java.io.FileInputStream.<init>(Unknown Source)
at com.steerlean.scenarios.pet.PetPUT.Error(PetPUT.java:422)
at com.steerlean.scenarios.pet.PetPUT.TC_21(PetPUT.java:284)
... Removed 25 stack frames]]>
    </failure>
  </testcase> <!-- TC_21 -->
  <testcase name="TC_22" time="0.003" classname="com.steerlean.scenarios.pet.PetPUT">
    <failure type="java.io.FileNotFoundException" message=".\src\test\java\resources\endpoints.properties (The system cannot find the path specified)">
      <![CDATA[java.io.FileNotFoundException: .\src\test\java\resources\endpoints.properties (The system cannot find the path specified)
at java.io.FileInputStream.open0(Native Method)
at java.io.FileInputStream.open(Unknown Source)
at java.io.FileInputStream.<init>(Unknown Source)
at com.steerlean.scenarios.pet.PetPUT.Error(PetPUT.java:422)
at com.steerlean.scenarios.pet.PetPUT.TC_22(PetPUT.java:295)
... Removed 25 stack frames]]>
    </failure>
  </testcase> <!-- TC_22 -->
  <testcase name="TC_23" time="0.003" classname="com.steerlean.scenarios.pet.PetPUT">
    <failure type="java.io.FileNotFoundException" message=".\src\test\java\resources\endpoints.properties (The system cannot find the path specified)">
      <![CDATA[java.io.FileNotFoundException: .\src\test\java\resources\endpoints.properties (The system cannot find the path specified)
at java.io.FileInputStream.open0(Native Method)
at java.io.FileInputStream.open(Unknown Source)
at java.io.FileInputStream.<init>(Unknown Source)
at com.steerlean.scenarios.pet.PetPUT.Error(PetPUT.java:422)
at com.steerlean.scenarios.pet.PetPUT.TC_23(PetPUT.java:307)
... Removed 25 stack frames]]>
    </failure>
  </testcase> <!-- TC_23 -->
  <testcase name="TC_24" time="0.002" classname="com.steerlean.scenarios.pet.PetPUT">
    <failure type="java.io.FileNotFoundException" message=".\src\test\java\resources\endpoints.properties (The system cannot find the path specified)">
      <![CDATA[java.io.FileNotFoundException: .\src\test\java\resources\endpoints.properties (The system cannot find the path specified)
at java.io.FileInputStream.open0(Native Method)
at java.io.FileInputStream.open(Unknown Source)
at java.io.FileInputStream.<init>(Unknown Source)
at com.steerlean.scenarios.pet.PetPUT.Error(PetPUT.java:422)
at com.steerlean.scenarios.pet.PetPUT.TC_24(PetPUT.java:320)
... Removed 25 stack frames]]>
    </failure>
  </testcase> <!-- TC_24 -->
  <testcase name="TC_25" time="0.002" classname="com.steerlean.scenarios.pet.PetPUT">
    <failure type="java.io.FileNotFoundException" message=".\src\test\java\resources\endpoints.properties (The system cannot find the path specified)">
      <![CDATA[java.io.FileNotFoundException: .\src\test\java\resources\endpoints.properties (The system cannot find the path specified)
at java.io.FileInputStream.open0(Native Method)
at java.io.FileInputStream.open(Unknown Source)
at java.io.FileInputStream.<init>(Unknown Source)
at com.steerlean.scenarios.pet.PetPUT.Error(PetPUT.java:422)
at com.steerlean.scenarios.pet.PetPUT.TC_25(PetPUT.java:332)
... Removed 25 stack frames]]>
    </failure>
  </testcase> <!-- TC_25 -->
  <testcase name="TC_26" time="0.002" classname="com.steerlean.scenarios.pet.PetPUT">
    <failure type="java.io.FileNotFoundException" message=".\src\test\java\resources\endpoints.properties (The system cannot find the path specified)">
      <![CDATA[java.io.FileNotFoundException: .\src\test\java\resources\endpoints.properties (The system cannot find the path specified)
at java.io.FileInputStream.open0(Native Method)
at java.io.FileInputStream.open(Unknown Source)
at java.io.FileInputStream.<init>(Unknown Source)
at com.steerlean.scenarios.pet.PetPUT.Error(PetPUT.java:422)
at com.steerlean.scenarios.pet.PetPUT.TC_26(PetPUT.java:344)
... Removed 25 stack frames]]>
    </failure>
  </testcase> <!-- TC_26 -->
  <testcase name="TC_27" time="0.003" classname="com.steerlean.scenarios.pet.PetPUT">
    <failure type="java.io.FileNotFoundException" message=".\src\test\java\resources\endpoints.properties (The system cannot find the path specified)">
      <![CDATA[java.io.FileNotFoundException: .\src\test\java\resources\endpoints.properties (The system cannot find the path specified)
at java.io.FileInputStream.open0(Native Method)
at java.io.FileInputStream.open(Unknown Source)
at java.io.FileInputStream.<init>(Unknown Source)
at com.steerlean.scenarios.pet.PetPUT.Error(PetPUT.java:422)
at com.steerlean.scenarios.pet.PetPUT.TC_27(PetPUT.java:354)
... Removed 25 stack frames]]>
    </failure>
  </testcase> <!-- TC_27 -->
  <testcase name="TC_28" time="0.002" classname="com.steerlean.scenarios.pet.PetPUT">
    <failure type="java.io.FileNotFoundException" message=".\src\test\java\resources\endpoints.properties (The system cannot find the path specified)">
      <![CDATA[java.io.FileNotFoundException: .\src\test\java\resources\endpoints.properties (The system cannot find the path specified)
at java.io.FileInputStream.open0(Native Method)
at java.io.FileInputStream.open(Unknown Source)
at java.io.FileInputStream.<init>(Unknown Source)
at com.steerlean.scenarios.pet.PetPUT.Error(PetPUT.java:422)
at com.steerlean.scenarios.pet.PetPUT.TC_28(PetPUT.java:365)
... Removed 25 stack frames]]>
    </failure>
  </testcase> <!-- TC_28 -->
  <testcase name="TC_01" time="3.009" classname="com.steerlean.scenarios.pet.PetGETbyStatus"/>
  <testcase name="TC_02" time="2.664" classname="com.steerlean.scenarios.pet.PetGETbyStatus">
    <failure type="java.lang.AssertionError" message="null">
      <![CDATA[java.lang.AssertionError: null
at com.steerlean.scenarios.pet.PetGETbyStatus.Error(PetGETbyStatus.java:164)
at com.steerlean.scenarios.pet.PetGETbyStatus.TC_02(PetGETbyStatus.java:55)
... Removed 27 stack frames]]>
    </failure>
  </testcase> <!-- TC_02 -->
  <testcase name="TC_03" time="3.121" classname="com.steerlean.scenarios.pet.PetGETbyStatus">
    <failure type="java.lang.AssertionError" message="null">
      <![CDATA[java.lang.AssertionError: null
at com.steerlean.scenarios.pet.PetGETbyStatus.Error(PetGETbyStatus.java:164)
at com.steerlean.scenarios.pet.PetGETbyStatus.TC_03(PetGETbyStatus.java:64)
... Removed 27 stack frames]]>
    </failure>
  </testcase> <!-- TC_03 -->
  <testcase name="TC_04" time="2.759" classname="com.steerlean.scenarios.pet.PetGETbyStatus">
    <failure type="java.lang.AssertionError" message="null">
      <![CDATA[java.lang.AssertionError: null
at com.steerlean.scenarios.pet.PetGETbyStatus.Error(PetGETbyStatus.java:164)
at com.steerlean.scenarios.pet.PetGETbyStatus.TC_04(PetGETbyStatus.java:74)
... Removed 27 stack frames]]>
    </failure>
  </testcase> <!-- TC_04 -->
  <testcase name="TC_05" time="2.699" classname="com.steerlean.scenarios.pet.PetGETbyStatus">
    <failure type="java.lang.AssertionError" message="null">
      <![CDATA[java.lang.AssertionError: null
at com.steerlean.scenarios.pet.PetGETbyStatus.Error(PetGETbyStatus.java:164)
at com.steerlean.scenarios.pet.PetGETbyStatus.TC_05(PetGETbyStatus.java:84)
... Removed 27 stack frames]]>
    </failure>
  </testcase> <!-- TC_05 -->
  <testcase name="TC_06" time="2.666" classname="com.steerlean.scenarios.pet.PetGETbyStatus">
    <failure type="java.lang.AssertionError" message="null">
      <![CDATA[java.lang.AssertionError: null
at com.steerlean.scenarios.pet.PetGETbyStatus.Error(PetGETbyStatus.java:164)
at com.steerlean.scenarios.pet.PetGETbyStatus.TC_06(PetGETbyStatus.java:94)
... Removed 27 stack frames]]>
    </failure>
  </testcase> <!-- TC_06 -->
  <testcase name="TC_01" time="3.064" classname="com.steerlean.scenarios.pet.PetDELETE"/>
  <testcase name="TC_02" time="2.489" classname="com.steerlean.scenarios.pet.PetDELETE"/>
  <testcase name="TC_03" time="2.619" classname="com.steerlean.scenarios.pet.PetDELETE"/>
  <testcase name="TC_04" time="2.982" classname="com.steerlean.scenarios.pet.PetDELETE"/>
  <testcase name="TC_05" time="2.96" classname="com.steerlean.scenarios.pet.PetDELETE"/>
  <testcase name="TC_06" time="2.973" classname="com.steerlean.scenarios.pet.PetDELETE"/>
</testsuite> <!-- PET -->
