<?xml version="1.0" encoding="UTF-8"?>
<!-- Generated by org.testng.reporters.JUnitXMLReporter -->
<testsuite hostname="DESKTOP-09QGL8M" ignored="0" name="PET" tests="67" failures="40" timestamp="13 Dec 2020 08:23:30 GMT" time="99.491" errors="0">
  <testcase name="TC_01" time="5.299" classname="com.steerlean.scenarios.pet.PetPOST"/>
  <testcase name="TC_02" time="1.826" classname="com.steerlean.scenarios.pet.PetPOST"/>
  <testcase name="TC_03" time="2.053" classname="com.steerlean.scenarios.pet.PetPOST"/>
  <testcase name="TC_04" time="1.362" classname="com.steerlean.scenarios.pet.PetPOST"/>
  <testcase name="TC_05" time="1.421" classname="com.steerlean.scenarios.pet.PetPOST">
    <failure type="java.lang.AssertionError" message="null">
      <![CDATA[java.lang.AssertionError: null
at com.steerlean.scenarios.pet.PetPOST.Error(PetPOST.java:452)
at com.steerlean.scenarios.pet.PetPOST.TC_05(PetPOST.java:100)
... Removed 26 stack frames]]>
    </failure>
  </testcase> <!-- TC_05 -->
  <testcase name="TC_06" time="1.467" classname="com.steerlean.scenarios.pet.PetPOST"/>
  <testcase name="TC_07" time="1.332" classname="com.steerlean.scenarios.pet.PetPOST"/>
  <testcase name="TC_08" time="1.351" classname="com.steerlean.scenarios.pet.PetPOST">
    <failure type="java.lang.AssertionError" message="null">
      <![CDATA[java.lang.AssertionError: null
at com.steerlean.scenarios.pet.PetPOST.Error(PetPOST.java:452)
at com.steerlean.scenarios.pet.PetPOST.TC_08(PetPOST.java:135)
... Removed 26 stack frames]]>
    </failure>
  </testcase> <!-- TC_08 -->
  <testcase name="TC_09" time="1.34" classname="com.steerlean.scenarios.pet.PetPOST">
    <failure type="java.lang.AssertionError" message="null">
      <![CDATA[java.lang.AssertionError: null
at com.steerlean.scenarios.pet.PetPOST.Error(PetPOST.java:452)
at com.steerlean.scenarios.pet.PetPOST.TC_09(PetPOST.java:149)
... Removed 26 stack frames]]>
    </failure>
  </testcase> <!-- TC_09 -->
  <testcase name="TC_10" time="1.377" classname="com.steerlean.scenarios.pet.PetPOST">
    <failure type="java.lang.AssertionError" message="null">
      <![CDATA[java.lang.AssertionError: null
at com.steerlean.scenarios.pet.PetPOST.Error(PetPOST.java:452)
at com.steerlean.scenarios.pet.PetPOST.TC_10(PetPOST.java:162)
... Removed 26 stack frames]]>
    </failure>
  </testcase> <!-- TC_10 -->
  <testcase name="TC_11" time="1.354" classname="com.steerlean.scenarios.pet.PetPOST">
    <failure type="java.lang.AssertionError" message="null">
      <![CDATA[java.lang.AssertionError: null
at com.steerlean.scenarios.pet.PetPOST.Error(PetPOST.java:452)
at com.steerlean.scenarios.pet.PetPOST.TC_11(PetPOST.java:174)
... Removed 26 stack frames]]>
    </failure>
  </testcase> <!-- TC_11 -->
  <testcase name="TC_12" time="1.365" classname="com.steerlean.scenarios.pet.PetPOST">
    <failure type="java.lang.AssertionError" message="null">
      <![CDATA[java.lang.AssertionError: null
at com.steerlean.scenarios.pet.PetPOST.Error(PetPOST.java:452)
at com.steerlean.scenarios.pet.PetPOST.TC_12(PetPOST.java:185)
... Removed 26 stack frames]]>
    </failure>
  </testcase> <!-- TC_12 -->
  <testcase name="TC_13" time="1.354" classname="com.steerlean.scenarios.pet.PetPOST">
    <failure type="java.lang.AssertionError" message="null">
      <![CDATA[java.lang.AssertionError: null
at com.steerlean.scenarios.pet.PetPOST.Error(PetPOST.java:452)
at com.steerlean.scenarios.pet.PetPOST.TC_13(PetPOST.java:197)
... Removed 26 stack frames]]>
    </failure>
  </testcase> <!-- TC_13 -->
  <testcase name="TC_14" time="1.373" classname="com.steerlean.scenarios.pet.PetPOST">
    <failure type="java.lang.AssertionError" message="null">
      <![CDATA[java.lang.AssertionError: null
at com.steerlean.scenarios.pet.PetPOST.Error(PetPOST.java:452)
at com.steerlean.scenarios.pet.PetPOST.TC_14(PetPOST.java:208)
... Removed 26 stack frames]]>
    </failure>
  </testcase> <!-- TC_14 -->
  <testcase name="TC_15" time="1.361" classname="com.steerlean.scenarios.pet.PetPOST">
    <failure type="java.lang.AssertionError" message="null">
      <![CDATA[java.lang.AssertionError: null
at com.steerlean.scenarios.pet.PetPOST.Error(PetPOST.java:452)
at com.steerlean.scenarios.pet.PetPOST.TC_15(PetPOST.java:219)
... Removed 26 stack frames]]>
    </failure>
  </testcase> <!-- TC_15 -->
  <testcase name="TC_16" time="1.315" classname="com.steerlean.scenarios.pet.PetPOST">
    <failure type="java.lang.AssertionError" message="null">
      <![CDATA[java.lang.AssertionError: null
at com.steerlean.scenarios.pet.PetPOST.Error(PetPOST.java:452)
at com.steerlean.scenarios.pet.PetPOST.TC_16(PetPOST.java:230)
... Removed 26 stack frames]]>
    </failure>
  </testcase> <!-- TC_16 -->
  <testcase name="TC_17" time="2.296" classname="com.steerlean.scenarios.pet.PetPOST"/>
  <testcase name="TC_18" time="1.3" classname="com.steerlean.scenarios.pet.PetPOST"/>
  <testcase name="TC_19" time="1.32" classname="com.steerlean.scenarios.pet.PetPOST"/>
  <testcase name="TC_20" time="1.334" classname="com.steerlean.scenarios.pet.PetPOST"/>
  <testcase name="TC_21" time="1.325" classname="com.steerlean.scenarios.pet.PetPOST">
    <failure type="java.lang.AssertionError" message="null">
      <![CDATA[java.lang.AssertionError: null
at com.steerlean.scenarios.pet.PetPOST.Error(PetPOST.java:452)
at com.steerlean.scenarios.pet.PetPOST.TC_21(PetPOST.java:287)
... Removed 26 stack frames]]>
    </failure>
  </testcase> <!-- TC_21 -->
  <testcase name="TC_22" time="1.529" classname="com.steerlean.scenarios.pet.PetPOST">
    <failure type="java.lang.AssertionError" message="null">
      <![CDATA[java.lang.AssertionError: null
at com.steerlean.scenarios.pet.PetPOST.Error(PetPOST.java:452)
at com.steerlean.scenarios.pet.PetPOST.TC_22(PetPOST.java:298)
... Removed 26 stack frames]]>
    </failure>
  </testcase> <!-- TC_22 -->
  <testcase name="TC_23" time="1.941" classname="com.steerlean.scenarios.pet.PetPOST">
    <failure type="java.lang.AssertionError" message="null">
      <![CDATA[java.lang.AssertionError: null
at com.steerlean.scenarios.pet.PetPOST.Error(PetPOST.java:452)
at com.steerlean.scenarios.pet.PetPOST.TC_23(PetPOST.java:310)
... Removed 26 stack frames]]>
    </failure>
  </testcase> <!-- TC_23 -->
  <testcase name="TC_24" time="1.328" classname="com.steerlean.scenarios.pet.PetPOST">
    <failure type="java.lang.AssertionError" message="null">
      <![CDATA[java.lang.AssertionError: null
at com.steerlean.scenarios.pet.PetPOST.Error(PetPOST.java:452)
at com.steerlean.scenarios.pet.PetPOST.TC_24(PetPOST.java:323)
... Removed 26 stack frames]]>
    </failure>
  </testcase> <!-- TC_24 -->
  <testcase name="TC_25" time="1.33" classname="com.steerlean.scenarios.pet.PetPOST">
    <failure type="java.lang.AssertionError" message="null">
      <![CDATA[java.lang.AssertionError: null
at com.steerlean.scenarios.pet.PetPOST.Error(PetPOST.java:452)
at com.steerlean.scenarios.pet.PetPOST.TC_25(PetPOST.java:335)
... Removed 26 stack frames]]>
    </failure>
  </testcase> <!-- TC_25 -->
  <testcase name="TC_26" time="1.325" classname="com.steerlean.scenarios.pet.PetPOST">
    <failure type="java.lang.AssertionError" message="null">
      <![CDATA[java.lang.AssertionError: null
at com.steerlean.scenarios.pet.PetPOST.Error(PetPOST.java:452)
at com.steerlean.scenarios.pet.PetPOST.TC_26(PetPOST.java:347)
... Removed 26 stack frames]]>
    </failure>
  </testcase> <!-- TC_26 -->
  <testcase name="TC_27" time="1.312" classname="com.steerlean.scenarios.pet.PetPOST">
    <failure type="java.lang.AssertionError" message="null">
      <![CDATA[java.lang.AssertionError: null
at com.steerlean.scenarios.pet.PetPOST.Error(PetPOST.java:452)
at com.steerlean.scenarios.pet.PetPOST.TC_27(PetPOST.java:357)
... Removed 26 stack frames]]>
    </failure>
  </testcase> <!-- TC_27 -->
  <testcase name="TC_01" time="1.269" classname="com.steerlean.scenarios.pet.PetPUT"/>
  <testcase name="TC_02" time="1.33" classname="com.steerlean.scenarios.pet.PetPUT"/>
  <testcase name="TC_03" time="1.329" classname="com.steerlean.scenarios.pet.PetPUT"/>
  <testcase name="TC_04" time="1.313" classname="com.steerlean.scenarios.pet.PetPUT"/>
  <testcase name="TC_05" time="1.291" classname="com.steerlean.scenarios.pet.PetPUT">
    <failure type="java.lang.AssertionError" message="null">
      <![CDATA[java.lang.AssertionError: null
at com.steerlean.scenarios.pet.PetPUT.Error(PetPUT.java:461)
at com.steerlean.scenarios.pet.PetPUT.TC_05(PetPUT.java:98)
... Removed 26 stack frames]]>
    </failure>
  </testcase> <!-- TC_05 -->
  <testcase name="TC_06" time="1.312" classname="com.steerlean.scenarios.pet.PetPUT"/>
  <testcase name="TC_07" time="1.31" classname="com.steerlean.scenarios.pet.PetPUT"/>
  <testcase name="TC_08" time="1.302" classname="com.steerlean.scenarios.pet.PetPUT">
    <failure type="java.lang.AssertionError" message="null">
      <![CDATA[java.lang.AssertionError: null
at com.steerlean.scenarios.pet.PetPUT.Error(PetPUT.java:461)
at com.steerlean.scenarios.pet.PetPUT.TC_08(PetPUT.java:133)
... Removed 26 stack frames]]>
    </failure>
  </testcase> <!-- TC_08 -->
  <testcase name="TC_09" time="1.387" classname="com.steerlean.scenarios.pet.PetPUT">
    <failure type="java.lang.AssertionError" message="null">
      <![CDATA[java.lang.AssertionError: null
at com.steerlean.scenarios.pet.PetPUT.Error(PetPUT.java:461)
at com.steerlean.scenarios.pet.PetPUT.TC_09(PetPUT.java:147)
... Removed 26 stack frames]]>
    </failure>
  </testcase> <!-- TC_09 -->
  <testcase name="TC_10" time="1.3" classname="com.steerlean.scenarios.pet.PetPUT">
    <failure type="java.lang.AssertionError" message="null">
      <![CDATA[java.lang.AssertionError: null
at com.steerlean.scenarios.pet.PetPUT.Error(PetPUT.java:461)
at com.steerlean.scenarios.pet.PetPUT.TC_10(PetPUT.java:160)
... Removed 26 stack frames]]>
    </failure>
  </testcase> <!-- TC_10 -->
  <testcase name="TC_11" time="1.302" classname="com.steerlean.scenarios.pet.PetPUT">
    <failure type="java.lang.AssertionError" message="null">
      <![CDATA[java.lang.AssertionError: null
at com.steerlean.scenarios.pet.PetPUT.Error(PetPUT.java:461)
at com.steerlean.scenarios.pet.PetPUT.TC_11(PetPUT.java:172)
... Removed 26 stack frames]]>
    </failure>
  </testcase> <!-- TC_11 -->
  <testcase name="TC_12" time="1.342" classname="com.steerlean.scenarios.pet.PetPUT">
    <failure type="java.lang.AssertionError" message="null">
      <![CDATA[java.lang.AssertionError: null
at com.steerlean.scenarios.pet.PetPUT.Error(PetPUT.java:461)
at com.steerlean.scenarios.pet.PetPUT.TC_12(PetPUT.java:183)
... Removed 26 stack frames]]>
    </failure>
  </testcase> <!-- TC_12 -->
  <testcase name="TC_13" time="1.329" classname="com.steerlean.scenarios.pet.PetPUT">
    <failure type="java.lang.AssertionError" message="null">
      <![CDATA[java.lang.AssertionError: null
at com.steerlean.scenarios.pet.PetPUT.Error(PetPUT.java:461)
at com.steerlean.scenarios.pet.PetPUT.TC_13(PetPUT.java:195)
... Removed 26 stack frames]]>
    </failure>
  </testcase> <!-- TC_13 -->
  <testcase name="TC_14" time="1.423" classname="com.steerlean.scenarios.pet.PetPUT">
    <failure type="java.lang.AssertionError" message="null">
      <![CDATA[java.lang.AssertionError: null
at com.steerlean.scenarios.pet.PetPUT.Error(PetPUT.java:461)
at com.steerlean.scenarios.pet.PetPUT.TC_14(PetPUT.java:206)
... Removed 26 stack frames]]>
    </failure>
  </testcase> <!-- TC_14 -->
  <testcase name="TC_15" time="1.427" classname="com.steerlean.scenarios.pet.PetPUT">
    <failure type="java.lang.AssertionError" message="null">
      <![CDATA[java.lang.AssertionError: null
at com.steerlean.scenarios.pet.PetPUT.Error(PetPUT.java:461)
at com.steerlean.scenarios.pet.PetPUT.TC_15(PetPUT.java:217)
... Removed 26 stack frames]]>
    </failure>
  </testcase> <!-- TC_15 -->
  <testcase name="TC_16" time="1.941" classname="com.steerlean.scenarios.pet.PetPUT">
    <failure type="java.lang.AssertionError" message="null">
      <![CDATA[java.lang.AssertionError: null
at com.steerlean.scenarios.pet.PetPUT.Error(PetPUT.java:461)
at com.steerlean.scenarios.pet.PetPUT.TC_16(PetPUT.java:228)
... Removed 26 stack frames]]>
    </failure>
  </testcase> <!-- TC_16 -->
  <testcase name="TC_17" time="1.385" classname="com.steerlean.scenarios.pet.PetPUT"/>
  <testcase name="TC_18" time="1.29" classname="com.steerlean.scenarios.pet.PetPUT"/>
  <testcase name="TC_19" time="1.278" classname="com.steerlean.scenarios.pet.PetPUT"/>
  <testcase name="TC_20" time="1.434" classname="com.steerlean.scenarios.pet.PetPUT"/>
  <testcase name="TC_21" time="1.405" classname="com.steerlean.scenarios.pet.PetPUT">
    <failure type="java.lang.AssertionError" message="null">
      <![CDATA[java.lang.AssertionError: null
at com.steerlean.scenarios.pet.PetPUT.Error(PetPUT.java:461)
at com.steerlean.scenarios.pet.PetPUT.TC_21(PetPUT.java:285)
... Removed 26 stack frames]]>
    </failure>
  </testcase> <!-- TC_21 -->
  <testcase name="TC_22" time="1.416" classname="com.steerlean.scenarios.pet.PetPUT">
    <failure type="java.lang.AssertionError" message="null">
      <![CDATA[java.lang.AssertionError: null
at com.steerlean.scenarios.pet.PetPUT.Error(PetPUT.java:461)
at com.steerlean.scenarios.pet.PetPUT.TC_22(PetPUT.java:296)
... Removed 26 stack frames]]>
    </failure>
  </testcase> <!-- TC_22 -->
  <testcase name="TC_23" time="1.327" classname="com.steerlean.scenarios.pet.PetPUT">
    <failure type="java.lang.AssertionError" message="null">
      <![CDATA[java.lang.AssertionError: null
at com.steerlean.scenarios.pet.PetPUT.Error(PetPUT.java:461)
at com.steerlean.scenarios.pet.PetPUT.TC_23(PetPUT.java:308)
... Removed 26 stack frames]]>
    </failure>
  </testcase> <!-- TC_23 -->
  <testcase name="TC_24" time="1.307" classname="com.steerlean.scenarios.pet.PetPUT">
    <failure type="java.lang.AssertionError" message="null">
      <![CDATA[java.lang.AssertionError: null
at com.steerlean.scenarios.pet.PetPUT.Error(PetPUT.java:461)
at com.steerlean.scenarios.pet.PetPUT.TC_24(PetPUT.java:321)
... Removed 26 stack frames]]>
    </failure>
  </testcase> <!-- TC_24 -->
  <testcase name="TC_25" time="1.31" classname="com.steerlean.scenarios.pet.PetPUT">
    <failure type="java.lang.AssertionError" message="null">
      <![CDATA[java.lang.AssertionError: null
at com.steerlean.scenarios.pet.PetPUT.Error(PetPUT.java:461)
at com.steerlean.scenarios.pet.PetPUT.TC_25(PetPUT.java:333)
... Removed 26 stack frames]]>
    </failure>
  </testcase> <!-- TC_25 -->
  <testcase name="TC_26" time="1.295" classname="com.steerlean.scenarios.pet.PetPUT">
    <failure type="java.lang.AssertionError" message="null">
      <![CDATA[java.lang.AssertionError: null
at com.steerlean.scenarios.pet.PetPUT.Error(PetPUT.java:461)
at com.steerlean.scenarios.pet.PetPUT.TC_26(PetPUT.java:345)
... Removed 26 stack frames]]>
    </failure>
  </testcase> <!-- TC_26 -->
  <testcase name="TC_27" time="1.296" classname="com.steerlean.scenarios.pet.PetPUT">
    <failure type="java.lang.AssertionError" message="null">
      <![CDATA[java.lang.AssertionError: null
at com.steerlean.scenarios.pet.PetPUT.Error(PetPUT.java:461)
at com.steerlean.scenarios.pet.PetPUT.TC_27(PetPUT.java:355)
... Removed 26 stack frames]]>
    </failure>
  </testcase> <!-- TC_27 -->
  <testcase name="TC_28" time="1.296" classname="com.steerlean.scenarios.pet.PetPUT">
    <failure type="java.lang.AssertionError" message="null">
      <![CDATA[java.lang.AssertionError: null
at com.steerlean.scenarios.pet.PetPUT.Error(PetPUT.java:461)
at com.steerlean.scenarios.pet.PetPUT.TC_28(PetPUT.java:366)
... Removed 26 stack frames]]>
    </failure>
  </testcase> <!-- TC_28 -->
  <testcase name="TC_01" time="1.857" classname="com.steerlean.scenarios.pet.PetGETbyStatus"/>
  <testcase name="TC_02" time="1.342" classname="com.steerlean.scenarios.pet.PetGETbyStatus">
    <failure type="java.lang.AssertionError" message="null">
      <![CDATA[java.lang.AssertionError: null
at com.steerlean.scenarios.pet.PetGETbyStatus.Error(PetGETbyStatus.java:168)
at com.steerlean.scenarios.pet.PetGETbyStatus.TC_02(PetGETbyStatus.java:59)
... Removed 27 stack frames]]>
    </failure>
  </testcase> <!-- TC_02 -->
  <testcase name="TC_03" time="1.314" classname="com.steerlean.scenarios.pet.PetGETbyStatus">
    <failure type="java.lang.AssertionError" message="null">
      <![CDATA[java.lang.AssertionError: null
at com.steerlean.scenarios.pet.PetGETbyStatus.Error(PetGETbyStatus.java:168)
at com.steerlean.scenarios.pet.PetGETbyStatus.TC_03(PetGETbyStatus.java:68)
... Removed 27 stack frames]]>
    </failure>
  </testcase> <!-- TC_03 -->
  <testcase name="TC_04" time="1.312" classname="com.steerlean.scenarios.pet.PetGETbyStatus">
    <failure type="java.lang.AssertionError" message="null">
      <![CDATA[java.lang.AssertionError: null
at com.steerlean.scenarios.pet.PetGETbyStatus.Error(PetGETbyStatus.java:168)
at com.steerlean.scenarios.pet.PetGETbyStatus.TC_04(PetGETbyStatus.java:78)
... Removed 27 stack frames]]>
    </failure>
  </testcase> <!-- TC_04 -->
  <testcase name="TC_05" time="1.323" classname="com.steerlean.scenarios.pet.PetGETbyStatus">
    <failure type="java.lang.AssertionError" message="null">
      <![CDATA[java.lang.AssertionError: null
at com.steerlean.scenarios.pet.PetGETbyStatus.Error(PetGETbyStatus.java:168)
at com.steerlean.scenarios.pet.PetGETbyStatus.TC_05(PetGETbyStatus.java:88)
... Removed 27 stack frames]]>
    </failure>
  </testcase> <!-- TC_05 -->
  <testcase name="TC_06" time="1.293" classname="com.steerlean.scenarios.pet.PetGETbyStatus">
    <failure type="java.lang.AssertionError" message="null">
      <![CDATA[java.lang.AssertionError: null
at com.steerlean.scenarios.pet.PetGETbyStatus.Error(PetGETbyStatus.java:168)
at com.steerlean.scenarios.pet.PetGETbyStatus.TC_06(PetGETbyStatus.java:98)
... Removed 27 stack frames]]>
    </failure>
  </testcase> <!-- TC_06 -->
  <testcase name="TC_01" time="1.74" classname="com.steerlean.scenarios.pet.PetDELETE"/>
  <testcase name="TC_02" time="1.262" classname="com.steerlean.scenarios.pet.PetDELETE"/>
  <testcase name="TC_03" time="1.284" classname="com.steerlean.scenarios.pet.PetDELETE"/>
  <testcase name="TC_04" time="1.314" classname="com.steerlean.scenarios.pet.PetDELETE"/>
  <testcase name="TC_05" time="1.308" classname="com.steerlean.scenarios.pet.PetDELETE"/>
  <testcase name="TC_06" time="1.274" classname="com.steerlean.scenarios.pet.PetDELETE"/>
</testsuite> <!-- PET -->
