<?xml version="1.0" encoding="UTF-8"?>
<!-- Generated by org.testng.reporters.JUnitXMLReporter -->
<testsuite hostname="DESKTOP-09QGL8M" ignored="0" name="STORE" tests="31" failures="16" timestamp="13 Dec 2020 08:24:16 GMT" time="45.082" errors="0">
  <testcase name="TC_01" time="1.274" classname="com.steerlean.scenarios.store.StorePost"/>
  <testcase name="TC_02" time="1.301" classname="com.steerlean.scenarios.store.StorePost"/>
  <testcase name="TC_03" time="1.319" classname="com.steerlean.scenarios.store.StorePost"/>
  <testcase name="TC_04" time="1.303" classname="com.steerlean.scenarios.store.StorePost"/>
  <testcase name="TC_05" time="1.797" classname="com.steerlean.scenarios.store.StorePost"/>
  <testcase name="TC_06" time="1.98" classname="com.steerlean.scenarios.store.StorePost"/>
  <testcase name="TC_07" time="1.517" classname="com.steerlean.scenarios.store.StorePost"/>
  <testcase name="TC_08" time="1.791" classname="com.steerlean.scenarios.store.StorePost"/>
  <testcase name="TC_09" time="2.005" classname="com.steerlean.scenarios.store.StorePost"/>
  <testcase name="TC_10" time="1.828" classname="com.steerlean.scenarios.store.StorePost"/>
  <testcase name="TC_11" time="1.279" classname="com.steerlean.scenarios.store.StorePost">
    <failure type="java.lang.AssertionError" message="null">
      <![CDATA[java.lang.AssertionError: null
at com.steerlean.scenarios.store.StorePost.Error(StorePost.java:312)
at com.steerlean.scenarios.store.StorePost.TC_11(StorePost.java:157)
... Removed 26 stack frames]]>
    </failure>
  </testcase> <!-- TC_11 -->
  <testcase name="TC_12" time="1.3" classname="com.steerlean.scenarios.store.StorePost"/>
  <testcase name="TC_13" time="1.316" classname="com.steerlean.scenarios.store.StorePost"/>
  <testcase name="TC_14" time="1.298" classname="com.steerlean.scenarios.store.StorePost"/>
  <testcase name="TC_15" time="1.32" classname="com.steerlean.scenarios.store.StorePost"/>
  <testcase name="TC_16" time="1.32" classname="com.steerlean.scenarios.store.StorePost">
    <failure type="java.lang.AssertionError" message="null">
      <![CDATA[java.lang.AssertionError: null
at com.steerlean.scenarios.store.StorePost.Error(StorePost.java:312)
at com.steerlean.scenarios.store.StorePost.TC_16(StorePost.java:217)
... Removed 26 stack frames]]>
    </failure>
  </testcase> <!-- TC_16 -->
  <testcase name="TC_17" time="1.316" classname="com.steerlean.scenarios.store.StorePost"/>
  <testcase name="TC_01" time="1.274" classname="com.steerlean.scenarios.store.StoreGet">
    <failure type="java.lang.AssertionError" message="null">
      <![CDATA[java.lang.AssertionError: null
at com.steerlean.scenarios.store.StoreGet.success(StoreGet.java:136)
at com.steerlean.scenarios.store.StoreGet.TC_01(StoreGet.java:46)
... Removed 27 stack frames]]>
    </failure>
  </testcase> <!-- TC_01 -->
  <testcase name="TC_02" time="1.307" classname="com.steerlean.scenarios.store.StoreGet">
    <failure type="java.lang.AssertionError" message="null">
      <![CDATA[java.lang.AssertionError: null
at com.steerlean.scenarios.store.StoreGet.success(StoreGet.java:136)
at com.steerlean.scenarios.store.StoreGet.TC_02(StoreGet.java:55)
... Removed 27 stack frames]]>
    </failure>
  </testcase> <!-- TC_02 -->
  <testcase name="TC_03" time="1.574" classname="com.steerlean.scenarios.store.StoreGet">
    <failure type="java.lang.AssertionError" message="null">
      <![CDATA[java.lang.AssertionError: null
at com.steerlean.scenarios.store.StoreGet.success(StoreGet.java:136)
at com.steerlean.scenarios.store.StoreGet.TC_03(StoreGet.java:65)
... Removed 27 stack frames]]>
    </failure>
  </testcase> <!-- TC_03 -->
  <testcase name="TC_04" time="1.357" classname="com.steerlean.scenarios.store.StoreGet">
    <failure type="java.lang.AssertionError" message="null">
      <![CDATA[java.lang.AssertionError: null
at com.steerlean.scenarios.store.StoreGet.success(StoreGet.java:136)
at com.steerlean.scenarios.store.StoreGet.TC_04(StoreGet.java:75)
... Removed 27 stack frames]]>
    </failure>
  </testcase> <!-- TC_04 -->
  <testcase name="TC_05" time="1.532" classname="com.steerlean.scenarios.store.StoreGet">
    <failure type="java.lang.AssertionError" message="null">
      <![CDATA[java.lang.AssertionError: null
at com.steerlean.scenarios.store.StoreGet.success(StoreGet.java:136)
at com.steerlean.scenarios.store.StoreGet.TC_05(StoreGet.java:84)
... Removed 27 stack frames]]>
    </failure>
  </testcase> <!-- TC_05 -->
  <testcase name="TC_06" time="1.414" classname="com.steerlean.scenarios.store.StoreGet">
    <failure type="java.lang.AssertionError" message="null">
      <![CDATA[java.lang.AssertionError: null
at com.steerlean.scenarios.store.StoreGet.success(StoreGet.java:136)
at com.steerlean.scenarios.store.StoreGet.TC_06(StoreGet.java:93)
... Removed 27 stack frames]]>
    </failure>
  </testcase> <!-- TC_06 -->
  <testcase name="TC_07" time="1.363" classname="com.steerlean.scenarios.store.StoreGet">
    <failure type="java.lang.AssertionError" message="null">
      <![CDATA[java.lang.AssertionError: null
at com.steerlean.scenarios.store.StoreGet.success(StoreGet.java:136)
at com.steerlean.scenarios.store.StoreGet.TC_07(StoreGet.java:102)
... Removed 27 stack frames]]>
    </failure>
  </testcase> <!-- TC_07 -->
  <testcase name="TC_01" time="1.377" classname="com.steerlean.scenarios.store.StoreDelete">
    <failure type="java.lang.AssertionError" message="null">
      <![CDATA[java.lang.AssertionError: null
at com.steerlean.scenarios.store.StoreDelete.success(StoreDelete.java:138)
at com.steerlean.scenarios.store.StoreDelete.TC_01(StoreDelete.java:46)
... Removed 27 stack frames]]>
    </failure>
  </testcase> <!-- TC_01 -->
  <testcase name="TC_02" time="1.401" classname="com.steerlean.scenarios.store.StoreDelete">
    <failure type="java.lang.AssertionError" message="null">
      <![CDATA[java.lang.AssertionError: null
at com.steerlean.scenarios.store.StoreDelete.success(StoreDelete.java:138)
at com.steerlean.scenarios.store.StoreDelete.TC_02(StoreDelete.java:55)
... Removed 27 stack frames]]>
    </failure>
  </testcase> <!-- TC_02 -->
  <testcase name="TC_03" time="1.354" classname="com.steerlean.scenarios.store.StoreDelete">
    <failure type="java.lang.AssertionError" message="null">
      <![CDATA[java.lang.AssertionError: null
at com.steerlean.scenarios.store.StoreDelete.success(StoreDelete.java:138)
at com.steerlean.scenarios.store.StoreDelete.TC_03(StoreDelete.java:65)
... Removed 27 stack frames]]>
    </failure>
  </testcase> <!-- TC_03 -->
  <testcase name="TC_04" time="1.355" classname="com.steerlean.scenarios.store.StoreDelete">
    <failure type="io.restassured.path.json.exception.JsonPathException" message="Failed to parse the JSON document">
      <![CDATA[io.restassured.path.json.exception.JsonPathException: Failed to parse the JSON document
at io.restassured.path.json.JsonPath$ExceptionCatcher.invoke(JsonPath.java:986)
at io.restassured.path.json.JsonPath$4.doParseWith(JsonPath.java:951)
at io.restassured.path.json.JsonPath$JsonParser.parseWith(JsonPath.java:1031)
at io.restassured.path.json.JsonPath.get(JsonPath.java:202)
at com.steerlean.scenarios.store.StoreDelete.success(StoreDelete.java:128)
at com.steerlean.scenarios.store.StoreDelete.TC_04(StoreDelete.java:75)
Caused by: groovy.json.JsonException: Lexing failed on line: 1, column: 1, while reading '<', no possible valid JSON value or punctuation could be recognized.
at groovy.json.JsonLexer.nextToken(JsonLexer.java:87)
at groovy.json.JsonLexer$nextToken.call(Unknown Source)
at io.restassured.internal.path.json.ConfigurableJsonSlurper.parse(ConfigurableJsonSlurper.groovy:97)
at io.restassured.internal.path.json.ConfigurableJsonSlurper$parse.callCurrent(Unknown Source)
at io.restassured.internal.path.json.ConfigurableJsonSlurper.parseText(ConfigurableJsonSlurper.groovy:83)
at io.restassured.path.json.JsonPath$4$1.method(JsonPath.java:949)
at io.restassured.path.json.JsonPath$ExceptionCatcher.invoke(JsonPath.java:984)
... 30 more
... Removed 25 stack frames]]>
    </failure>
  </testcase> <!-- TC_04 -->
  <testcase name="TC_05" time="1.42" classname="com.steerlean.scenarios.store.StoreDelete">
    <failure type="java.lang.AssertionError" message="null">
      <![CDATA[java.lang.AssertionError: null
at com.steerlean.scenarios.store.StoreDelete.success(StoreDelete.java:138)
at com.steerlean.scenarios.store.StoreDelete.TC_05(StoreDelete.java:84)
... Removed 27 stack frames]]>
    </failure>
  </testcase> <!-- TC_05 -->
  <testcase name="TC_06" time="1.338" classname="com.steerlean.scenarios.store.StoreDelete">
    <failure type="io.restassured.path.json.exception.JsonPathException" message="Failed to parse the JSON document">
      <![CDATA[io.restassured.path.json.exception.JsonPathException: Failed to parse the JSON document
at io.restassured.path.json.JsonPath$ExceptionCatcher.invoke(JsonPath.java:986)
at io.restassured.path.json.JsonPath$4.doParseWith(JsonPath.java:951)
at io.restassured.path.json.JsonPath$JsonParser.parseWith(JsonPath.java:1031)
at io.restassured.path.json.JsonPath.get(JsonPath.java:202)
at com.steerlean.scenarios.store.StoreDelete.success(StoreDelete.java:128)
at com.steerlean.scenarios.store.StoreDelete.TC_06(StoreDelete.java:93)
Caused by: groovy.json.JsonException: Lexing failed on line: 1, column: 1, while reading '<', no possible valid JSON value or punctuation could be recognized.
at groovy.json.JsonLexer.nextToken(JsonLexer.java:87)
at groovy.json.JsonLexer$nextToken.call(Unknown Source)
at io.restassured.internal.path.json.ConfigurableJsonSlurper.parse(ConfigurableJsonSlurper.groovy:97)
at io.restassured.internal.path.json.ConfigurableJsonSlurper$parse.callCurrent(Unknown Source)
at io.restassured.internal.path.json.ConfigurableJsonSlurper.parseText(ConfigurableJsonSlurper.groovy:83)
at io.restassured.path.json.JsonPath$4$1.method(JsonPath.java:949)
at io.restassured.path.json.JsonPath$ExceptionCatcher.invoke(JsonPath.java:984)
... 30 more
... Removed 25 stack frames]]>
    </failure>
  </testcase> <!-- TC_06 -->
  <testcase name="TC_07" time="1.367" classname="com.steerlean.scenarios.store.StoreDelete">
    <failure type="java.lang.AssertionError" message="null">
      <![CDATA[java.lang.AssertionError: null
at com.steerlean.scenarios.store.StoreDelete.success(StoreDelete.java:138)
at com.steerlean.scenarios.store.StoreDelete.TC_07(StoreDelete.java:102)
... Removed 27 stack frames]]>
    </failure>
  </testcase> <!-- TC_07 -->
</testsuite> <!-- STORE -->
