<?xml version="1.0" encoding="UTF-8"?>
<testng-results skipped="0" failed="1" ignored="0" total="7" passed="6">
  <reporter-output>
  </reporter-output>
  <suite name="Default suite" duration-ms="13195" started-at="2020-12-11T14:17:10Z" finished-at="2020-12-11T14:17:24Z">
    <groups>
    </groups>
    <test name="Default test" duration-ms="13195" started-at="2020-12-11T14:17:10Z" finished-at="2020-12-11T14:17:24Z">
      <class name="com.steerlean.scenarios.store.StoreDelete">
        <test-method status="PASS" signature="startReport()[pri:0, instance:com.steerlean.scenarios.store.StoreDelete@598067a5]" name="startReport" is-config="true" duration-ms="207" started-at="2020-12-11T14:17:10Z" finished-at="2020-12-11T14:17:11Z">
          <reporter-output>
          </reporter-output>
        </test-method> <!-- startReport -->
        <test-method status="PASS" signature="startRepo(java.lang.reflect.Method)[pri:0, instance:com.steerlean.scenarios.store.StoreDelete@598067a5]" name="startRepo" is-config="true" duration-ms="6" started-at="2020-12-11T14:17:11Z" finished-at="2020-12-11T14:17:11Z">
          <params>
            <param index="0">
              <value>
                <![CDATA[public void com.steerlean.scenarios.store.StoreDelete.TC_01() throws java.io.IOException]]>
              </value>
            </param>
          </params>
          <reporter-output>
          </reporter-output>
        </test-method> <!-- startRepo -->
        <test-method status="FAIL" signature="TC_01()[pri:0, instance:com.steerlean.scenarios.store.StoreDelete@598067a5]" name="TC_01" duration-ms="4379" started-at="2020-12-11T14:17:11Z" finished-at="2020-12-11T14:17:15Z">
          <exception class="java.lang.AssertionError">
            <message>
              <![CDATA[null]]>
            </message>
            <full-stacktrace>
              <![CDATA[java.lang.AssertionError: null
at org.testng.Assert.fail(Assert.java:96)
at org.testng.Assert.fail(Assert.java:103)
at com.steerlean.scenarios.store.StoreDelete.success(StoreDelete.java:125)
at com.steerlean.scenarios.store.StoreDelete.TC_01(StoreDelete.java:42)
at sun.reflect.NativeMethodAccessorImpl.invoke0(Native Method)
at sun.reflect.NativeMethodAccessorImpl.invoke(Unknown Source)
at sun.reflect.DelegatingMethodAccessorImpl.invoke(Unknown Source)
at java.lang.reflect.Method.invoke(Unknown Source)
at org.testng.internal.MethodInvocationHelper.invokeMethod(MethodInvocationHelper.java:124)
at org.testng.internal.Invoker.invokeMethod(Invoker.java:583)
at org.testng.internal.Invoker.invokeTestMethod(Invoker.java:719)
at org.testng.internal.Invoker.invokeTestMethods(Invoker.java:989)
at org.testng.internal.TestMethodWorker.invokeTestMethods(TestMethodWorker.java:125)
at org.testng.internal.TestMethodWorker.run(TestMethodWorker.java:109)
at org.testng.TestRunner.privateRun(TestRunner.java:648)
at org.testng.TestRunner.run(TestRunner.java:505)
at org.testng.SuiteRunner.runTest(SuiteRunner.java:455)
at org.testng.SuiteRunner.runSequentially(SuiteRunner.java:450)
at org.testng.SuiteRunner.privateRun(SuiteRunner.java:415)
at org.testng.SuiteRunner.run(SuiteRunner.java:364)
at org.testng.SuiteRunnerWorker.runSuite(SuiteRunnerWorker.java:52)
at org.testng.SuiteRunnerWorker.run(SuiteRunnerWorker.java:84)
at org.testng.TestNG.runSuitesSequentially(TestNG.java:1208)
at org.testng.TestNG.runSuitesLocally(TestNG.java:1137)
at org.testng.TestNG.runSuites(TestNG.java:1049)
at org.testng.TestNG.run(TestNG.java:1017)
at org.testng.remote.AbstractRemoteTestNG.run(AbstractRemoteTestNG.java:114)
at org.testng.remote.RemoteTestNG.initAndRun(RemoteTestNG.java:251)
at org.testng.remote.RemoteTestNG.main(RemoteTestNG.java:77)
]]>
            </full-stacktrace>
          </exception> <!-- java.lang.AssertionError -->
          <reporter-output>
          </reporter-output>
        </test-method> <!-- TC_01 -->
        <test-method status="PASS" signature="startRepo(java.lang.reflect.Method)[pri:0, instance:com.steerlean.scenarios.store.StoreDelete@598067a5]" name="startRepo" is-config="true" duration-ms="0" started-at="2020-12-11T14:17:15Z" finished-at="2020-12-11T14:17:15Z">
          <params>
            <param index="0">
              <value>
                <![CDATA[public void com.steerlean.scenarios.store.StoreDelete.TC_02() throws java.io.IOException]]>
              </value>
            </param>
          </params>
          <reporter-output>
          </reporter-output>
        </test-method> <!-- startRepo -->
        <test-method status="PASS" signature="TC_02()[pri:0, instance:com.steerlean.scenarios.store.StoreDelete@598067a5]" name="TC_02" duration-ms="1309" started-at="2020-12-11T14:17:15Z" finished-at="2020-12-11T14:17:16Z">
          <reporter-output>
          </reporter-output>
        </test-method> <!-- TC_02 -->
        <test-method status="PASS" signature="startRepo(java.lang.reflect.Method)[pri:0, instance:com.steerlean.scenarios.store.StoreDelete@598067a5]" name="startRepo" is-config="true" duration-ms="1" started-at="2020-12-11T14:17:16Z" finished-at="2020-12-11T14:17:16Z">
          <params>
            <param index="0">
              <value>
                <![CDATA[public void com.steerlean.scenarios.store.StoreDelete.TC_03() throws java.io.IOException]]>
              </value>
            </param>
          </params>
          <reporter-output>
          </reporter-output>
        </test-method> <!-- startRepo -->
        <test-method status="PASS" signature="TC_03()[pri:0, instance:com.steerlean.scenarios.store.StoreDelete@598067a5]" name="TC_03" duration-ms="1363" started-at="2020-12-11T14:17:16Z" finished-at="2020-12-11T14:17:18Z">
          <reporter-output>
          </reporter-output>
        </test-method> <!-- TC_03 -->
        <test-method status="PASS" signature="startRepo(java.lang.reflect.Method)[pri:0, instance:com.steerlean.scenarios.store.StoreDelete@598067a5]" name="startRepo" is-config="true" duration-ms="2" started-at="2020-12-11T14:17:18Z" finished-at="2020-12-11T14:17:18Z">
          <params>
            <param index="0">
              <value>
                <![CDATA[public void com.steerlean.scenarios.store.StoreDelete.TC_04() throws java.io.IOException]]>
              </value>
            </param>
          </params>
          <reporter-output>
          </reporter-output>
        </test-method> <!-- startRepo -->
        <test-method status="PASS" signature="TC_04()[pri:0, instance:com.steerlean.scenarios.store.StoreDelete@598067a5]" name="TC_04" duration-ms="1428" started-at="2020-12-11T14:17:18Z" finished-at="2020-12-11T14:17:19Z">
          <reporter-output>
          </reporter-output>
        </test-method> <!-- TC_04 -->
        <test-method status="PASS" signature="startRepo(java.lang.reflect.Method)[pri:0, instance:com.steerlean.scenarios.store.StoreDelete@598067a5]" name="startRepo" is-config="true" duration-ms="1" started-at="2020-12-11T14:17:19Z" finished-at="2020-12-11T14:17:19Z">
          <params>
            <param index="0">
              <value>
                <![CDATA[public void com.steerlean.scenarios.store.StoreDelete.TC_05() throws java.io.IOException]]>
              </value>
            </param>
          </params>
          <reporter-output>
          </reporter-output>
        </test-method> <!-- startRepo -->
        <test-method status="PASS" signature="TC_05()[pri:0, instance:com.steerlean.scenarios.store.StoreDelete@598067a5]" name="TC_05" duration-ms="1342" started-at="2020-12-11T14:17:19Z" finished-at="2020-12-11T14:17:21Z">
          <reporter-output>
          </reporter-output>
        </test-method> <!-- TC_05 -->
        <test-method status="PASS" signature="startRepo(java.lang.reflect.Method)[pri:0, instance:com.steerlean.scenarios.store.StoreDelete@598067a5]" name="startRepo" is-config="true" duration-ms="2" started-at="2020-12-11T14:17:21Z" finished-at="2020-12-11T14:17:21Z">
          <params>
            <param index="0">
              <value>
                <![CDATA[public void com.steerlean.scenarios.store.StoreDelete.TC_06() throws java.io.IOException]]>
              </value>
            </param>
          </params>
          <reporter-output>
          </reporter-output>
        </test-method> <!-- startRepo -->
        <test-method status="PASS" signature="TC_06()[pri:0, instance:com.steerlean.scenarios.store.StoreDelete@598067a5]" name="TC_06" duration-ms="1326" started-at="2020-12-11T14:17:21Z" finished-at="2020-12-11T14:17:22Z">
          <reporter-output>
          </reporter-output>
        </test-method> <!-- TC_06 -->
        <test-method status="PASS" signature="startRepo(java.lang.reflect.Method)[pri:0, instance:com.steerlean.scenarios.store.StoreDelete@598067a5]" name="startRepo" is-config="true" duration-ms="2" started-at="2020-12-11T14:17:22Z" finished-at="2020-12-11T14:17:22Z">
          <params>
            <param index="0">
              <value>
                <![CDATA[public void com.steerlean.scenarios.store.StoreDelete.TC_07() throws java.io.IOException]]>
              </value>
            </param>
          </params>
          <reporter-output>
          </reporter-output>
        </test-method> <!-- startRepo -->
        <test-method status="PASS" signature="TC_07()[pri:0, instance:com.steerlean.scenarios.store.StoreDelete@598067a5]" name="TC_07" duration-ms="1354" started-at="2020-12-11T14:17:22Z" finished-at="2020-12-11T14:17:23Z">
          <reporter-output>
          </reporter-output>
        </test-method> <!-- TC_07 -->
        <test-method status="PASS" signature="endReport()[pri:0, instance:com.steerlean.scenarios.store.StoreDelete@598067a5]" name="endReport" is-config="true" duration-ms="403" started-at="2020-12-11T14:17:23Z" finished-at="2020-12-11T14:17:24Z">
          <reporter-output>
          </reporter-output>
        </test-method> <!-- endReport -->
      </class> <!-- com.steerlean.scenarios.store.StoreDelete -->
    </test> <!-- Default test -->
  </suite> <!-- Default suite -->
</testng-results>
